Case #1:
11101111001001010001101110010001 197 449 19 7 6299 193 43 13 19
10001010011100010001001010011101 3 2 5 2 7 2 3 2 11
11011101001011000000001010101011 3 873463 3 3 5 3 3 311 3
11100110011101011011000101111101 293 2 67 2 5 2 31 2 31
11111011011100111100110100100001 1009 5 2417 7 499 107 5 109 2711
11110110001101010111001010101001 3 2 3 2 7 2 3 2 3
10100111011110100001001010010001 97 7 3 13 5 3 79979 3833 3
10000100101101010001100010101101 3 2 5 2 7 2 3 2 11
11000100101011110101000101011111 11 2 3 2 12343 2 3037 2 3
10101101000010110111001110101001 3 113 31 3 47 311 3 26099 43
11001010101100000011111010010001 3 281 3 3 5 3 3 17 3
10011110111100110000001001001001 17 23 3 7 5 3 1451 137 3
11101110001001000110011000010001 3 2 5 2 7 2 3 2 11
11000000101010011001001101001011 11197 2 7 2 75679 2 7 2 19
10000011110001101010111000110101 31 2 470089 2 10691 2 149 2 13
11111111100010111100000101111111 3 2 5 2 7 2 3 2 11
11100000000011100111101111010111 3 2 3 2 7 2 3 2 3
10110111000100010100101011010001 3 563 3 3 5 3 3 31 3
10100010011001011110110110000101 3 2 5 2 7 2 3 2 11
11111001001001111101000000010011 5 2 44449 2 103 2 38839 2 127867
10111100110101111011100001010001 7 2 3 2 43 2 73 2 3
10100000111110110000010011001001 47 2 277 2 401 2 7 2 79
10010110101000001001011001111111 7 17 71 11 41 31 283 7 131
11111011011110000111110001000001 5 2 3 2 37 2 5 2 3
11111000011111101100110101111001 5 941 3 7 29 3 7 647 3
11110011011010101010101101001111 7 2 37 2 5 2 137 2 7
10011010111100010111110001000111 5 2 3 2 37 2 5 2 3
10110110011100011001101011101011 3 5 13 3 31 43 3 73 7
11011111111111000000111011110001 5 7 3 11 353 3 7 19 3
10110010001100011001011010101111 3 19 7 3 2269 37 3 23 31
10100001010000111110010110111001 3 2 5 2 7 2 3 2 11
11100111011000010010110010111001 983 13 29 7 13 9791 31 107 397
11000010111011100011100010011101 3 7 7 3 131 5 3 19 7
10111010110001110001110000010011 3 2 5 2 7 2 3 2 11
10100010001101110110111010011001 3 7 13 3 31 5 3 11 7
10001110011000000011111010001011 7 7 3 8147 5 3 11 5 3
11100100000101110101010011010001 7 13 3 31 5 3 29 7 3
10111011000101111011010110101011 131 2 7 2 5 2 13 2 8273
11010110010011001110101001011011 3 2 3 2 7 2 3 2 3
10110010011111000000001111000111 3 2 5 2 7 2 3 2 7
10010010000010001011100100010011 173 2 3 2 92639 2 79 2 3
10101001101000111000001101100111 6863 2 307 2 29 2 17 2 605861
10011000001111010110011101101101 5 2 3 2 37 2 5 2 3
10011011000101011000100000010101 3 5 13 3 31 43 3 11 7
11000100111101001000001110101101 3 2 5 2 7 2 3 2 11
11000101011101010110010000111111 3 2 3 2 397 2 3 2 3
10100111110101111100000110111011 3 2 5 2 5 2 3 2 11
10010001001011001111100110000111 3 2 5 2 7 2 3 2 11
11001100110001111100110011000111 7 2 3 2 43 2 73 2 3
11111000000001101000011111100101 3 2 5 2 7 2 3 2 11
10110010111011011010000110011001 3 7 11 3 31 37 3 7 7
10000100001000110101110100001001 4001 2 3 2 29 2 17 2 3
11111111010100000110101001100011 3 2 3 2 7 2 3 2 3
11111010001101010111101001110011 3 2 5 2 5 2 3 2 11
11010100010100000001001111101001 17 2 743 2 23 2 7 2 17
10111110110110111110001101101111 3 29 7 3 17 83 3 653 23
10111000010001001101101110110111 3 2 3 2 7 2 3 2 3
10111110000011011110010110011001 3 2 3 2 7 2 3 2 3
10110111101110111101001110011111 5 5 13 67 3967 5 5 227 23
11011011001001110100010100101101 3 7 13 3 31 43 3 11 7
10101110110010011001111101110101 3 2 5 2 5 2 3 2 11
11110010101110000001000100111001 5 5 3 31 5 3 5 7 3
10001010100010010111010111011011 7 5023 29 13 73 941 71 7 131
10100111110010000101111000110001 3 2 5 2 7 2 3 2 11
11000101101111100101100010101011 17 2 3 2 11 2 17 2 3
11010111011011011010001110110011 3 2 5 2 5 2 3 2 11
11001010001000010000011110110101 3 2 5 2 7 2 3 2 11
11100110011001111100101000001011 3 7 13 3 17 11 3 73 7
10100010010010100011111010010101 3 19 3 3 5 3 3 7 3
10111010001100001001010000010001 3 2 3 2 7 2 3 2 3
11000011110111110110101011000111 3 2 5 2 5 2 3 2 11
11000011000000001000100101101101 3 2 3 2 7 2 3 2 3
10000100101010100011000001010011 13 2 3 2 157 2 19 2 3
11000001100010111101010010010101 3 317 3 3 5 3 3 31 3
11010100111001000010000011011011 7 5 3 7 5 3 5 7 3
11110110011110011100001101000001 3 11 89 3 61223 11 3 109 251
11100111000101111010110010110111 3 2 5 2 5 2 3 2 7
10000001101011110101111010010001 3 2 5 2 7 2 3 2 11
11001101001010101101010100101101 5 7 19213 281 23 5 199 311 7
10110100010001001001001000111101 5 2 17 2 37 2 5 2 101
10100101101101111010101101011101 3 2 5 2 5 2 3 2 7
10110111100000010100000110011111 53 2 877 2 131 2 5 2 31
10111010010001110100101000000101 3 2 5 2 7 2 3 2 11
11001110010010010011100011110001 3 2 5 2 7 2 3 2 7
10000010110111001011100011011011 3 23 11 3 89 19 3 19 281
10100111110001010011111010011111 3 2 5 2 5 2 3 2 11
10110010001001100000010010111111 3 269 3 3 5 3 3 97 3
10001011111010100001101111011111 7 2 19 2 5 2 29 2 7
11001101011100011100011110010101 3 2 3 2 5581 2 3 2 3
10110000101100001001100100011101 3 2 5 2 7 2 3 2 11
10101111011111011101001001110011 5 1163 3 89 613 3 7 167 3
11000011110011011011110001100011 3 2 3 2 7 2 3 2 3
10100110111110100101101100110101 5 47123 1847 31 101 5 1153 331 17
10001111100000110100101110111011 151 2 3 2 2441 2 5 2 3
10011101110011101001101011100111 13 2 909809 2 5 2 5 2 101209
11000110110111001001010011110111 3 127 29 3 431 11 3 7 17
11011000100101101010001011100011 5 2 7 2 11 2 5 2 13
11010110111111110010011000000011 3 2 3 2 7 2 3 2 3
10011111110101100010100001000101 13697 2 29 2 23 2 103 2 13
11100110001100100001001101101011 37493 2 13 2 11 2 67 2 17
11111011110100111011000101110101 3 13 3 3 29 3 3 7 3
11100111011010110100100010110101 3 2 3 2 7 2 3 2 3
11010100000111011111011111110011 17 2437 3 29 13 3 7 5 3
10110100010111001011110001000001 3 67 3 3 5 3 3 127 3
11001110011000001111110100111111 3 2 5 2 5 2 3 2 11
10100000101000100101101111100101 3 401 3 3 5 3 3 17 3
11000110101100110101011100101101 1451 2 3 2 24113 2 103 2 3
11011100101011001010110001010111 3 2 3 2 7 2 3 2 3
10101001011000101100000010011111 3 11 3 3 5 3 3 79 3
11011110011010001111000001101011 269 2 3 2 347 2 11 2 3
11101010111001011001000110101101 11 2 3 2 1741 2 151 2 3
11100010100111011101111110011001 3 2 5 2 5 2 3 2 11
11110000011111001110001000001001 11 11 3 132967 5 3 691 10937 3
11001101111100000001011011011001 3 7 7 3 31 11 3 11 7
11100110111111111000000101001001 3 2 3 2 7 2 3 2 3
11001111001111000111011000111111 89 5 3 7 11 3 5 11 3
11100001001100000010100111011111 3 2 5 2 7 2 3 2 11
10111110110111100101010000001101 13 2 3 2 691 2 17 2 3
10100111101000001111001001000011 3 47 3 3 5 3 3 359 3
10111010000110011100001000000111 811 2 5431 2 13 2 7 2 36629
11110000010011110010101101110011 3 2 3 2 7 2 3 2 3
11001000000111111001110001010101 139 2 7 2 1019 2 463 2 7
10100101011110111011000100000001 7 13 3 19 5 3 73 7 3
10110000010111011001100010001111 3 2 5 2 7 2 3 2 11
10011000110010011111001011010111 3 2 3 2 7 2 3 2 3
11000001111001000100110001011111 31 2 7 2 71 2 5 2 7
11000011001010001010111000010011 11317 2 89 2 127 2 7 2 7
10101010011010011010110001110011 7 31 5 157 331 631 127 5 113
10101101111110110100111011001011 3 7 3 3 31 3 3 7 3
11010001011110010011010011000101 3 2 7 2 17 2 3 2 97
10101001010110000111100000011111 3 2 5 2 7 2 3 2 11
10001110011000000111100100101001 5 2 17 2 37 2 5 2 7
11001110001010111010111111000001 67 2 3 2 53 2 181 2 3
11111100110011011011110011001111 3 2 5 2 7 2 3 2 11
11001111001100001110011111100111 3 2 5 2 5 2 3 2 11
10000010111000100100001110000101 967 2 3 2 17 2 2399 2 3
10111000000010101110010000100011 13 47 5 11 73 61 41 5 31
11011110111000000011001111100001 7 7 29 29 1249 4679 32413 7 7
11011010110001001101011001110101 5 2 3 2 449 2 199 2 3
11001011111100101001011010100011 11 2 3 2 17 2 11 2 3
11100000010011111001010111011111 3 11 632857 3 11 5 3 13 47
11111111000001111101010000101001 5 2 3 2 37 2 5 2 3
11100100011000001111001111001111 3 2 3 2 7 2 3 2 3
11000011111111001110100001001101 3 2 3 2 7 2 3 2 3
11000001100000011101111011101111 3 2 3 2 7 2 3 2 3
11110100000110000011010101101001 3 13 3 3 5 3 3 7 3
10011001100001101110010011101101 643 11743 233 17 23 13 13 37 557
11101011101110011100000101111011 11 2 709 2 5 2 5 2 127
10001100100000000000110111101101 18367 83 7 11 937 691 139 2003 29
11000001100010100001001001110001 3 2 3 2 7 2 3 2 3
11110011100111111111101100011001 3 2 5 2 7 2 3 2 11
10001001101001001000000010001111 7 2 3 2 17 2 233 2 3
11100011110000000111110010000101 397 5 3 17837 5 3 5 17 3
10111001000001011110101101000011 3 2 5 2 7 2 3 2 11
10001001010010000111010000000111 13 2 3 2 13 2 41 2 3
11100011000101110011100101110101 23 2 3 2 41081 2 1663 2 3
11001101001110111110011110110101 7 13 3 31 17 3 7 7 3
10111100000011001101110111101011 29 7 17 211 19 47 181 11 7
11100100100010111111000011001101 44633 37 113 211 19 61 13 17 58481
11011000101010101000000000110111 59 2 11 2 67 2 7 2 17
10000001010011110011110001000111 3 17 3 3 5 3 3 131 3
10110000000000101111010110101101 563 367 3 11 5 3 61 569 3
10111001100110111000001010111011 3 2 3 2 151 2 3 2 3
11011110101100111110010100111001 3 2 5 2 5 2 3 2 11
10011110101111011111000100001111 3 2 5 2 5 2 3 2 11
10000110001010111100101111110101 5 2 3 2 37 2 5 2 3
11011010110001000111000001101101 5 2 7 2 11 2 997 2 13
10110101111101000010001011111001 3 2 3 2 7 2 3 2 3
11010110100111001001101101001011 3 2 3 2 7 2 3 2 3
10101010001000111001001011011111 11 5 5 521 11 11 5 5 19
10010010100111000101011110000001 39829 2 189187 2 894209 2 7 2 839
10000000010101000000100000110111 5 2 17 2 5 2 5 2 101
10000100110000010000011010000111 41 5 383 11 47 5881 5 13 379
11011101111100010011010011000011 7 2 3 2 195427 2 449 2 3
10100001100010011111100010000001 3 7 723839 3 83 5 3 87587 7
10010001101010001101100010000011 3 691 11 3 11 5 3 229 2437
11110000010010001001011010001001 55921 6203 36877 2417 23 13 31 23 419
11111101110100101001011100100001 11 2 3 2 139 2 106357 2 3
11111011000100000101000110101101 11 2 181 2 73 2 5 2 41
11000101101001111010111000011101 3 2 3 2 7 2 3 2 3
10111111110100001010000111011101 11 7 103 13 167 587 463 11 7
10001101000110101111010010001101 3 2 5 2 7 2 3 2 11
11110010111011110011011011001011 3 5 3 3 139 3 3 821 3
11110111111110010010001011110001 3 2 5 2 5 2 3 2 11
10001000011111111010010101001111 3 2 3 2 7 2 3 2 3
11110000001010110011001010001101 3 5 3 3 5 3 3 19 3
10110100111001110010110100110101 7 2 3 2 13 2 223 2 3
11010000001011110111010111010001 29 18061 5 29 2399 19 227 5 13
10101110110101111111011100100111 3 2 5 2 7 2 3 2 11
10100111011101111000001011111111 46507 41 3 14489 1451 3 7 29 3
10010011110100011010111011101011 3 10433 9151 3 197 5 3 26849 4447
10011110111000100101011001110101 7 2 3 2 43 2 29 2 3
10010100111010100010001100011001 17 2 11 2 421 2 7 2 73
11011100100001001010100001001101 3 2 5 2 7 2 3 2 11
11010110111110101101001001111001 3 2 5 2 5 2 3 2 7
10110100001100010101100100100001 3 7 13 3 31 43 3 73 7
10111001110100000101111110100011 3 2 3 2 7 2 3 2 3
11001101111110011111111000010111 17 2 257 2 11 2 17 2 23
10000000000010111011111100111111 3 7 13 3 31 43 3 17 7
11110100101110000011001011001001 30403 2 7 2 23 2 431 2 31
11000001111111110111100001001101 3 7 11 3 49109 5 3 7 7
10011110001101010111010101100011 13 2 3 2 1009 2 5 2 3
11010011010100101000011010111111 3 2 3 2 7 2 3 2 3
11001011010000011000100101111101 5 2 7 2 157 2 43 2 17
10100000110110100110000100110111 5 7 3 5807 5 3 4799 347 3
10101001110000111101011010000011 35537 2 3863 2 11 2 67 2 23
11100010101001000001001100010111 3 2 5 2 7 2 3 2 11
11110101101001111000011000110011 3 2 3 2 7 2 3 2 3
11011011101001000100011011110011 3 2 3 2 7 2 3 2 3
10000011100000010010010000010011 3 2 5 2 5 2 3 2 11
11100001111111101111111111100101 3 2 3 2 7 2 3 2 3
10100111011001011101111110111101 5 2 17 2 37 2 5 2 23
11101100110010110110000101110011 3 2 3 2 7 2 3 2 3
10101110000011100110010101000001 3 2 5 2 7 2 3 2 11
11100111101000111001100101001111 107 83 61 173 53 23 311 13 13
11011010110011000100010011100011 3 2 5 2 7 2 3 2 7
11010101110101011011001000010001 3 2 37 2 11 2 3 2 2671
11100101000001111100100010100101 101 5 3 1061 5 3 5 1151 3
11100000101011010101011100000111 1721 2 41 2 71 2 112153 2 7
11001110111001101001011010100111 3 29 7 3 19 11 3 11 61
11010000110110010111011000001101 7 2 181 2 41 2 2347 2 242479
10100101001111001111001001001001 3 2 5 2 7 2 3 2 7
11000101100010011010001100000001 3 2 3 2 7 2 3 2 3
10010100000110011001101010110001 3 2 5 2 7 2 3 2 7
10100010000001000001010110000011 3 2 5 2 5 2 3 2 11
11001000100000101001110100100111 7 2 11 2 3593 2 7 2 7
10011000100101100011111101110111 1429 5 1109 1907 101 41 5 353 7
10010111110011110111011011010001 5 2 17 2 5 2 5 2 101
10100011011000111001011110011101 3 2 3 2 7 2 3 2 3
10000010110000100010101100010011 13 2 3 2 199 2 163 2 3
11000010001100000000011111010001 3121 2 3 2 71 2 1289 2 3
10010010000001111001011111010001 3 307 3 3 5 3 3 7 3
11101100101100010100101001100101 3 2 5 2 7 2 3 2 7
11010110000000100010110010000001 19 71 11 11 17 233 53 13 13
11010100100000101110000101001101 7 2 277 2 11 2 7 2 17
11110100111101011000001100110101 61 2 3 2 503 2 29 2 3
11010101111101011001110110101101 29 41 3 113 24097 3 7 5 3
11100110111110101000000110100001 5 2 17 2 37 2 5 2 7
11101011100001001000011111110011 5 2 3 2 37 2 5 2 3
10111100100001101000111110010001 5 2 139 2 353 2 1013 2 59
11110101110110111010010101010011 13 2 59 2 5 2 52817 2 7
10101001101111101101101011100001 31 5 5 192121 19 2713 5 5 31
11000010010000000110111101101001 3 2 5 2 7 2 3 2 11
10010010001011011101110100111101 11 2 3 2 17 2 131 2 3
10010010101011011001001000010101 3 2 5 2 7 2 3 2 7
11011100101011011100100110011111 3 2 5 2 5 2 3 2 11
11000111000101101011100001000001 5 2 17 2 37 2 5 2 7
11100111100001001000101110111001 3 5 7 3 17 53 3 2141 73
10010000001100111001110000101111 7 13 3 31 5 3 73 7 3
11101111010110011111110011110001 7 2 101 2 11 2 210191 2 13
11010011111100110110011011110111 11 2 16931 2 11 2 839 2 47
10101101110110110000111101101011 331 2 808991 2 5 2 2381 2 67273
11011101101110011000001100110011 3 2 3 2 7 2 3 2 3
10110010000000000111110111100011 5 89 3 7 5 3 41 169343 3
11011111011010111100111000001101 3 2 5 2 5 2 3 2 11
11000101111101111010101000011111 3 2 5 2 5 2 3 2 7
11010001110001000010100111000011 59 2 7 2 47 2 7 2 29
11110011111111110110010011111011 3 2 3 2 7 2 3 2 3
10100101110011010111000000110101 5 2 17 2 37 2 5 2 101
11100110100110000111110100110111 11 7 7 37 2609 67 61 59 7
11011000011000000000001000101111 29 2 3 2 41 2 43 2 3
11010100110110000011011110111001 6037 2 3 2 6389 2 41 2 3
10010110001010001000101100111011 29 127 3 7 5 3 21661 5 3
10011010001000011100000010001111 3 5 11 3 143813 11 3 13 7
10101000101111111111000000100001 2699 2 6449 2 40751 2 5801 2 491
10000001110001100110010000111101 13381 2 61 2 29 2 7 2 239
11101011010111000100100010001101 3 2 5 2 7 2 3 2 11
11111010011001100111110100111111 3 2 5 2 7 2 3 2 11
11110010010101010010010111001001 5 2 17 2 37 2 5 2 19
10011011000001111011101101001101 3 2 3 2 7 2 3 2 3
11011100100000011101001000011011 42499 23 3 13 5 3 11 79 3
11011110101001111001001111110111 3 2 5 2 7 2 3 2 11
10000101011001010101001000011101 3 2 17 2 37 2 3 2 101
10101110100001011110101110001111 5 61 5 79 11 5 11 5 131
10001110100011111010111100101111 3 2 881 2 5 2 3 2 2447
11101010111000011001111100111011 7 2 11 2 5 2 41 2 13
11001010111101110100100001001001 3 2 5 2 7 2 3 2 11
11110011111010010110011011011111 3 2 5 2 7 2 3 2 11
11100000111001101101110100011111 16229 5 1069 109 47 23 5 23 179
11000110001110111101000100000101 3 29 3 3 5 3 3 11 3
10101001000001001000101111100101 28081 2 71 2 47 2 7 2 34841
10011010000110011101001101001011 3 2 5 2 7 2 3 2 11
11010111100010101000001010011001 3 19 3 3 5 3 3 911 3
10011110110100011011110001011101 3 1663 2269 3 71 11 3 7 23
10101111010111001000110000110001 3 2 5 2 7 2 3 2 11
10101111110100001101100001001111 3 2 3 2 7 2 3 2 3
11001010001110110111001010011011 5 2 3 2 11 2 19 2 3
11110011100010000111101001000001 439 44549 3 53 5 3 29 19 3
11000001100011110111001011111001 3 2 3 2 7 2 3 2 3
11010100111000011111111111100101 3 5 3 3 31 3 3 7 3
10110111001101010110110111111101 109 2 1801 2 71 2 138937 2 269
11001111111011010110111101001001 3163 139 3 13 1951 3 7 107 3
10100001011111001111000101000001 3 23 3 3 5 3 3 5413 3
10011101000110010111011110110011 3 5 11 3 53 5 3 967 47
10000001100110100100100100111101 3 2 5 2 7 2 3 2 11
11111001001001001110001010010101 3 2 5 2 7 2 3 2 11
10000111001010110011100011010001 73 8573 3 7 5 3 47 1483 3
10011000011010101000101100010011 15013 2 7 2 29 2 5 2 16921
10010110010010111100110011010101 3 7 7 3 31 43 3 73 7
10011111010001110110111011011001 14009 2 97 2 5 2 37 2 67
10000010001010110000000100011111 5 2 3 2 107 2 168559 2 3
11011000100011111100100001011111 3 2 3 2 7 2 3 2 3
11000001110101010000010001011111 5 7 3 43 5 3 97 14423 3
11010100011011000111011100101001 3 47 19 3 79379 5 3 7 19
10011000011000110101110000000111 5 2 17 2 37 2 5 2 29
10001101010010110100001000000101 7 2 3 2 43 2 73 2 3
10101011001001011100111101011111 3 2 5 2 5 2 3 2 11
11111111101101010101001011101011 3 2 5 2 7 2 3 2 11
11011100110110000001011000110011 7 2 31 2 53 2 157 2 283
10010110111010010000001111001011 13 2 317 2 1583 2 23 2 7
10001111001101101110001100110011 5 2 3 2 13 2 1123 2 3
11101110010100101111110111111001 3 2 5 2 7 2 3 2 11
10001110010011100001001010110111 7 2 13 2 11 2 97 2 11437
10010010101100101100011111100111 61 2 3 2 19 2 53 2 3
10100110101101000101011010101001 47717 2 43 2 23 2 11 2 2239
10011110111101101110011000010111 3 2 5 2 5 2 3 2 11
10110000000101010011101101110001 3 13 3 3 5 3 3 7 3
10000010101110000111010000110001 41 5 7 19 787 16981 5 701 7
11001011111010101001001111111011 5 17 3 7 293 3 7 5 3
11100111111011000111100000111011 17 2 18199 2 5 2 9421 2 3391
10010100001111111000100110011111 3 2 3 2 7 2 3 2 3
10110000000101011110100000001001 3 2 3 2 7 2 3 2 3
11111100011110101111000101110101 3 1279 3 3 89 3 3 53 3
10010001110010101111100110111001 971 2 3 2 30809 2 412333 2 3
10001010101000101000001100001111 7 23 83 239 7 13 12641 7 13
11111010110000011010000000110001 23 2 13 2 853 2 7 2 31
10011101011100010110011111011001 5 37 5 229 199 5 23 5 43
11110110000100110011010011010111 7 2 3 2 1439 2 5 2 3
11100010000101110110100101110111 11 2 3 2 1787 2 29 2 3
11001010001101000111010111001111 17 2 3 2 41 2 17 2 3
10111110000010011111010001011001 61 5 659 107 13 13 5 11 29
11001001011110011001011001110001 3 7853 307 3 103 5 3 37 229
11001100101000011010001110111101 3 5 11 3 11 13 3 21493 79
10101010110011100010001001011011 3 2 11 2 5591 2 3 2 113
10101110100110110111100010010011 11 2 3 2 1109 2 5 2 3
10001101111110001101000010011111 3 2 3 2 7 2 3 2 3
11101010111110111001110101000011 29 2 5639 2 5 2 17 2 7
11010100100000111111101011001001 11 78427 10333 19 53 6703 129361 67 73
10001000000101011110010110111011 3 2 5 2 7 2 3 2 11
11000010110110001000011110001011 3 461 3 3 5 3 3 67 3
11111110011011101000100101001001 73 2 3 2 41 2 103 2 3
11011011001110011111011001111011 3 2 5 2 7 2 3 2 11
11111001001100010010000111011001 11 2 137 2 461 2 11 2 757
11101000111000001010101100001001 3 2 109 2 13 2 3 2 67
10101111101110010101010110111111 3 2 5 2 7 2 3 2 11
11101001001110000100110100001011 13 5 3 7 5 3 5 3319 3
11100100011000001010000110011101 3 2 5 2 7 2 3 2 11
11011011011100010101000010110011 3 103 211 3 11 11 3 35069 52081
10011110100001011101011111000101 251 2 3 2 157561 2 5 2 3
11100011110000110010000010001111 3 7 3 3 5 3 3 59 3
10100000001011101000111000110111 7 5 3 31 5 3 5 5 3
11100000100011000111010000011111 163 5 3 37 5 3 5 1567 3
11111110110000101010111111011111 3 5 13 3 31 13 3 73 7
10010000111001101110110001011111 3 2 3 2 7 2 3 2 3
10011110010111101110000110101001 17 2 3 2 1297 2 17 2 3
11111011111001110000011101001101 11 2 149 2 5 2 1741 2 7
10011001100101111011100011110001 3 2 3 2 7 2 3 2 3
11001011001001010000111111110111 31 13 61 7 13 53 11 59 19
10100100001100110100111001001111 3 2 5 2 7 2 3 2 11
11010101111100101100111011011101 3 29 3 3 29 3 3 67121 3
10111010010001010110111010000111 5 69457 1061 6133 13 5 23 441887 733751
10011110010110110111101000001101 3 2 3 2 7 2 3 2 3
11010011111011110010010110110011 3 2 5 2 5 2 3 2 11
11001100001111101110010101101001 3 2 3 2 7 2 3 2 3
11010100111001001010001000110111 3 2 5 2 7 2 3 2 7
10000001111000001100011110100101 3 2 5 2 7 2 3 2 11
11101110010011000110010011000101 7 2 101 2 31 2 5 2 19
10001101011011100100010111000001 3 193 3 3 5 3 3 19 3
10101000010101110010111111111111 53 37 3 1559 23 3 7 43 3
10101111110001011000100001111011 11 2 3 2 773 2 29 2 3
11000100011011000000111101110001 3 59 3 3 5 3 3 53 3
11100110010010001111100111000111 3 2 3 2 7 2 3 2 3
10000101000111100010111110011011 5 461 11 29 137 5 859 83 1277
10101000101001101111010001111101 41 2 3 2 179 2 173 2 3
11101001100011101011111111010001 5 2 367 2 5 2 257 2 613
11001111011100011010001001000101 11 2 11 2 223 2 347 2 2939
11011011110110100011111111010101 7 2 90371 2 119087 2 11 2 13
11001011110101000101100110100111 13 2 3 2 11 2 53 2 3
10011011101000001011111010000111 5 139 5 11 273367 5 18287 5 269
11011111011110000111000010011011 5 37 7 7 37951 5 43 71 61
11110011011110111000111010010101 3 2 5 2 5 2 3 2 11
10010000001001110110101101000101 101 2 41 2 29 2 7 2 14083
11111000011111011000011111111001 43 5 3 23 11 3 5 307 3
10110011001110000111000010010001 3 2 5 2 7 2 3 2 11
10111111111010101010100000001101 3 2 3 2 17 2 3 2 3
10100110001001111010001010001101 283 5 3 23 5 3 5 5 3
10110011000111010110000010100011 7 17 3 13 5 3 43 7 3
11010000111001110000011101011001 5 2 17 2 37 2 5 2 101
10101001110111000011101010000111 3 5 1409 3 17 17431 3 1051 97
11101011000000110111011001111111 3 2 5 2 5 2 3 2 11
11101011111111101101011101101111 5 7 11 17 5 5 11 31 7
10011010010100001100000011100111 3 2 5 2 7 2 3 2 11
10010100000110100101101111000001 227 2 63823 2 103 2 7 2 61
11001101001010110001001001000101 5 2 17 2 19 2 5 2 7
10100000010100011011101100011001 3 2 5 2 7 2 3 2 11
11001101110001101011110011101101 3 2 5 2 5 2 3 2 11
10001010001110110000110010010001 3 7 13 3 31 43 3 73 7
11001010101001001011110101101001 3 4679 11 3 13 5 3 17 43
11001101001110000100011001000111 3 17 3 3 5 3 3 11 3
11100011100011010101110110111011 3 2 5 2 5 2 3 2 11
10001010100011010101111101010011 11047 5 7 7 11 13 5 23 31
10101001111101000110000010010111 3 2 5 2 7 2 3 2 11
11101101100000101001010010011111 19 67 31 10853 379 11 4219 23 43
11101001111100001101010101011001 5 2 3 2 41 2 101 2 3
11011111111001100010100010011011 3 37 401 3 983 601 3 13 68521
11001110010011100000010010011101 5 19 3 11 5 3 53 1123 3
10010011111010011110101011100001 59 2 3 2 11 2 2447 2 3
10001011010000000010100000100001 3 23 3 3 1093 3 3 53 3
10100111100001011111011001010101 31 2 3 2 59 2 541 2 3
10110000101001101011110000001101 3 401 3 3 5 3 3 276781 3
10101101110001001011011011110001 3 2 3 2 7 2 3 2 3
11001000010110000010110111100001 3 2 5 2 7 2 3 2 11
11100000000001001111100111000011 3 2 5 2 7 2 3 2 11
10110110001101110001110000111101 19 2 3 2 193 2 109 2 3
10101101000101100010001001100101 3 2 5 2 7 2 3 2 11
10010010110000001111010110101001 331 5 3 29 5 3 5 11489 3
11001110001111111111111110001101 5 7 42181 53 59 5 71 17 7
10010100101100101101110101101101 149 2 3 2 13 2 11 2 3
10000000000110110110001010000101 7 61 277 148763 38237 61 19 7 683
10000011100100000000111110000011 31 2 3 2 13 2 5 2 3
10011010011101100101110110001011 3 2 3 2 7 2 3 2 3
10011000011010111111011101110111 5 29 3 35603 241 3 7 89 3
10111011110111111110001001010001 3 2 5 2 5 2 3 2 11
10011101100111111101010110110101 5 857 3 17 692353 3 7 5 3
11111001111100000110110010101001 7 2 3 2 19 2 73 2 3
10011001000110101100100110111001 5 2 11 2 52249 2 5 2 8233
10100111000000101110011100000101 3 2 5 2 7 2 3 2 11
11010010110100101100101111011011 13 5 67 11 829 31 5 281 47
11100001000101110010001001101001 3 2 5 2 7 2 3 2 11
11100010101110000101001000100101 7 2 11 2 109 2 7 2 23
11101111100010101101100000101011 3 2 3 2 11 2 3 2 3
11010100000101011100000111010001 5 2 421 2 17 2 7 2 479
10110000111001000010010000110001 3 2 3 2 7 2 3 2 3
11111101010011111001011001001101 139 2 7 2 5 2 131 2 17
10111101111000011110111010011001 5 2 7 2 5 2 17 2 92863
11111011101001010000011111111001 3 2 5 2 5 2 3 2 11
10110110010011111100100001100001 3 2 5 2 7 2 3 2 11
10110011101001000101100000001111 3457 257 3 83 5 3 71 241 3
10010011011110111001000010010011 3 2 5 2 7 2 3 2 11
11001000000010101010011101010101 3 2 5 2 7 2 3 2 11
10001101111101011101110010110111 3 7 3 3 31 3 3 7 3
11100001000000001001110001110001 13 2 3 2 23 2 11 2 3
10100100000010101111000011110001 5 2 17 2 37 2 5 2 83
11110011010101110111100011110101 5 73 3 11 89 3 7 5 3
10011011001111010110101101101111 11483 5 3 439 56843 3 5 349 3
10111111011101110001001001000101 173 2 3 2 17 2 5 2 3
10010010001000100010110001001011 11 2 3 2 953 2 11 2 3
11001010101100100010111110011011 3 2 3 2 17 2 3 2 3
10111010011110100000001110000011 17 7 3 13 5 3 701 5 3
11100101100110011010111001001001 13 73 43 601 11 13 37 6481 29
10110101101100100000111000001011 3 5 3 3 5 3 3 39619 3
11000000111101110111100111000001 3 7 18503 3 1429 47 3 53 7
10001111000001000001101101100011 3 2 5 2 7 2 3 2 11
11010010101011111001001100111001 4127 2 3 2 11 2 4157 2 3
10010001110111100010111010100111 5 2 3 2 11 2 5 2 3
10111110010110101000001001001011 5 2 17 2 19 2 5 2 101
10010001000000001101111010111011 33503 387253 3 107 5 3 13 2281 3
10011100111011101100110100011111 3 2 5 2 5 2 3 2 11
10100000111011011110110000111101 23 2 3 2 5009 2 23 2 3
10110111010111100111000101101111 3 17 3 3 5231 3 3 113 3
10011111101100111001111101001001 3 2 5 2 5 2 3 2 11
10110101010011010110000001010011 11 61 3 521 5 3 11 5 3
11101111001111001001111111110101 131 11 13 17 103 41 23 11 23
11111110100010001111000011001011 17 2 3 2 31 2 5 2 3
11110010110111110000110001001101 79 2 3 2 13 2 19 2 3
11101100011110000100111001001111 3 2 3 2 7 2 3 2 3
11010110001011100001101101010001 13 2 7 2 17 2 17 2 13
10110001111000001100111001010011 3 2 5 2 7 2 3 2 11
11110111011110110010101001000111 3 2 5 2 5 2 3 2 11
11100000100101101010011000110011 3 13 3 3 5 3 3 7 3
10101001000110011100111001011011 7 11443 61 13 73 13 17 7 59
10001110111111010010001010010111 5 2 3 2 37 2 5 2 3
10101011111101001000101100011001 3 13 421 3 13 151 3 58057 307
10001101100100001110100100111101 3 2 5 2 7 2 3 2 11
10010000011000100000111101110101 17 2 19 2 107 2 7 2 13
11001110000010001010111100110001 3 263 3 3 5 3 3 4127 3
10100010101010010100101110010101 3 37 3 3 5 3 3 11 3
10001111001011011100000010111011 3 5 17627 3 509 2087 3 97 17
11110111010010110000101010011101 3 2 3 2 7 2 3 2 3
11011110000010101101011010011101 3 2 3 2 7 2 3 2 3
11110010011010010001111110000011 7 5 11 67 23 13 5 7 23
10111001011101101100011011111111 3 2 5 2 7 2 3 2 11
11101111001101001101100011101111 9319 5 3 70843 31 3 5 173 3
11100001011000110101011000101011 3 2 5 2 7 2 3 2 11
10010111100100101011111110010011 5 5 7 11 457 5 5 349 7
10110011100001101001011110010011 29 19 7 100799 211 23 9929 11 31
10010110011100101111011110001111 3 2 5 2 5 2 3 2 11
11111110001010010010001111011101 1787 17 13 17 19 47 4021 13 43
10100100010001001101111000100111 13 71 3 61 5 3 11 59 3
11101101100001111111100011000001 3 2 3 2 7 2 3 2 3
10011011000011110001000100111011 3 2 5 2 7 2 3 2 11
11101111001111110100110000011111 7 13 3 31 13 3 7 7 3
10010011001001001010111010101101 5 2 17 2 37 2 5 2 101
10010011000101010100110111001011 7 2 13 2 17 2 97 2 17
11111111010000001110110110100111 3 2 5 2 5 2 3 2 11
11010010001000001000110011001111 19 2 89 2 41 2 7 2 41
10101110010000000110000011010001 3 2 3 2 7 2 3 2 3
11100000001110100001000100110001 3 2 3 2 7 2 3 2 3
10011110100001000010010111111001 3 2 5 2 7 2 3 2 11
10001010010111011100100011110001 3 2 5 2 7 2 3 2 11
