Case #1:
1001000010101011 3 59 7 3 683 5 3 1039 167
1110011000010111 13 5 3 7 283 3 5 1277 3
1110101000011011 3 17 3 3 373 3 3 23 3
1000011110101111 5 2 17 2 5 2 5 2 67
1101111110101101 3 2 3 2 7 2 3 2 3
1001010111010011 3 1103 3 3 1627 3 3 23 3
1100101101111111 3 2 3 2 7 2 3 2 3
1101110010001001 3 2 5 2 7 2 3 2 7
1101010000000011 5 2 3 2 37 2 5 2 3
1001110000100111 3 2 5 2 7 2 3 2 11
1111101100000001 3 2 5 2 7 2 3 2 11
1100110100000101 3 37 7 3 17 5 3 181693 257
1110101010001111 13 2 11 2 5 2 31 2 41
1010100100001011 3 47 43 3 8467 5 3 17 31
1100111010000011 29 2 11 2 13 2 2179 2 67
1010000001010101 5 2 3 2 37 2 5 2 3
1100000110001111 3 2 5 2 7 2 3 2 11
1100111111000111 43 5 101 827 11 193 5 127 7
1111110100100101 5 2 7 2 5 2 5 2 101
1101001010111101 3 2 5 2 5 2 3 2 11
1000111010011011 3 5 3 3 373 3 3 677 3
1101000001111111 5 2 17 2 5 2 5 2 101
1101001001011011 7 17 3 43067 577739 3 839 7 3
1101000000101101 137 23 19 11 47 1129 7 13 23
1001100010010111 3 2 5 2 7 2 3 2 11
1000100101110101 7 2 109 2 1321 2 227 2 131
1010011011000111 5 41 3 7 83 3 149 19 3
1001110011010101 3 1871 3 3 1409 3 3 67 3
1111000100100011 3 2 5 2 7 2 3 2 11
1101100110100011 5 7 3 307 59 3 41 109 3
1010100000001101 11 2 3 2 19 2 23 2 3
1101001010011111 3 2 5 2 5 2 3 2 11
1110011110101001 5 2 17 2 5 2 5 2 23
1110110001111101 13 5 41 19 78163 41 5 21529 17
1001011101100101 3 7 3 3 31 3 3 31 3
1101100100010101 7 2 257 2 59 2 17 2 61
1000001100111001 7 29 109 7 283 109 7 7 103
1001111010101001 3 5 3 3 761 3 3 127 3
1111110111011011 13 5 631 17 547 373 5 167 834311
1101111111011001 5 2 3 2 19 2 809 2 3
1110110010010111 3 2 5 2 5 2 3 2 11
1000001001100101 3 2 3 2 7 2 3 2 3
1101001000001111 3 2 5 2 7 2 3 2 11
1000001011000011 5 2 3 2 13 2 5 2 3
1000000011011111 3 2 5 2 7 2 3 2 11
1010010010010111 3 2 5 2 7 2 3 2 11
1010011000011001 101 13 521 7 14867 13 7 281 17
1100110110100001 3 2 5 2 7 2 3 2 7
1000010000100001 3 2 5 2 7 2 3 2 11
1100111011101011 3 5 13 3 31 43 3 73 7
